06-Aug-2021 13:49:27.329 INFO [main] org.apache.catalina.core.ApplicationContext.log 2 Spring WebApplicationInitializers detected on classpath
06-Aug-2021 13:49:29.738 INFO [main] org.apache.catalina.core.ApplicationContext.log Initializing Spring embedded WebApplicationContext
06-Aug-2021 13:49:31.339 INFO [main] org.apache.catalina.core.ApplicationContext.log ContextListener: contextInitialized()
06-Aug-2021 13:49:31.339 INFO [main] org.apache.catalina.core.ApplicationContext.log SessionListener: contextInitialized()
06-Aug-2021 13:49:31.341 INFO [main] org.apache.catalina.core.ApplicationContext.log ContextListener: attributeAdded('StockTicker', 'async.Stockticker@46c093b4')
06-Aug-2021 13:49:31.610 INFO [http-nio-8080-exec-1] org.apache.catalina.core.ApplicationContext.log Initializing Spring DispatcherServlet 'dispatcherServlet'
06-Aug-2021 16:13:07.863 INFO [main] org.apache.catalina.core.ApplicationContext.log SessionListener: contextDestroyed()
06-Aug-2021 16:13:07.863 INFO [main] org.apache.catalina.core.ApplicationContext.log ContextListener: contextDestroyed()
06-Aug-2021 16:13:07.871 INFO [main] org.apache.catalina.core.ApplicationContext.log Destroying Spring FrameworkServlet 'dispatcherServlet'
06-Aug-2021 16:13:07.872 INFO [main] org.apache.catalina.core.ApplicationContext.log Closing Spring root WebApplicationContext
06-Aug-2021 23:08:44.372 INFO [main] org.apache.catalina.core.ApplicationContext.log 2 Spring WebApplicationInitializers detected on classpath
06-Aug-2021 23:08:46.623 INFO [main] org.apache.catalina.core.ApplicationContext.log Initializing Spring embedded WebApplicationContext
06-Aug-2021 23:08:48.914 INFO [main] org.apache.catalina.core.ApplicationContext.log ContextListener: contextInitialized()
06-Aug-2021 23:08:48.915 INFO [main] org.apache.catalina.core.ApplicationContext.log SessionListener: contextInitialized()
06-Aug-2021 23:08:48.916 INFO [main] org.apache.catalina.core.ApplicationContext.log ContextListener: attributeAdded('StockTicker', 'async.Stockticker@3bbb3c84')
06-Aug-2021 23:10:14.175 INFO [http-nio-8080-exec-1] org.apache.catalina.core.ApplicationContext.log Initializing Spring DispatcherServlet 'dispatcherServlet'
06-Aug-2021 23:49:48.773 INFO [main] org.apache.catalina.core.ApplicationContext.log SessionListener: contextDestroyed()
06-Aug-2021 23:49:48.773 INFO [main] org.apache.catalina.core.ApplicationContext.log ContextListener: contextDestroyed()
06-Aug-2021 23:49:48.782 INFO [main] org.apache.catalina.core.ApplicationContext.log Destroying Spring FrameworkServlet 'dispatcherServlet'
06-Aug-2021 23:49:48.782 INFO [main] org.apache.catalina.core.ApplicationContext.log Closing Spring root WebApplicationContext
